[ 2016-08-22T19:03:51+08:00 ] 172.16.176.0 /?
INFO: [ app_init ] --START--
INFO: Run Behavior\BuildLiteBehavior [ RunTime:0.000107s ]
INFO: [ app_init ] --END-- [ RunTime:0.012903s ]
INFO: [ app_begin ] --START--
INFO: Run Behavior\ReadHtmlCacheBehavior [ RunTime:0.016433s ]
INFO: [ app_begin ] --END-- [ RunTime:0.016893s ]
INFO: [ view_parse ] --START--
INFO: [ template_filter ] --START--
INFO: Run Behavior\ContentReplaceBehavior [ RunTime:0.000144s ]
INFO: [ template_filter ] --END-- [ RunTime:0.000498s ]
INFO: Run Behavior\ParseTemplateBehavior [ RunTime:2.339416s ]
INFO: [ view_parse ] --END-- [ RunTime:2.339678s ]
INFO: [ view_filter ] --START--
INFO: Run Behavior\WriteHtmlCacheBehavior [ RunTime:0.022267s ]
INFO: [ view_filter ] --END-- [ RunTime:0.022476s ]
INFO: [ app_end ] --START--
INFO: Run Behavior\ShowPageTraceBehavior [ RunTime:0.005714s ]
INFO: [ app_end ] --END-- [ RunTime:0.005832s ]

[ 2016-08-22T19:03:51+08:00 ] 172.16.176.0 /?
INFO: [ app_init ] --START--
INFO: Run Behavior\BuildLiteBehavior [ RunTime:0.000055s ]
INFO: [ app_init ] --END-- [ RunTime:0.007414s ]
INFO: [ app_begin ] --START--
INFO: Run Behavior\ReadHtmlCacheBehavior [ RunTime:0.004980s ]
INFO: [ app_begin ] --END-- [ RunTime:0.005249s ]
INFO: [ view_parse ] --START--
INFO: [ template_filter ] --START--
INFO: Run Behavior\ContentReplaceBehavior [ RunTime:0.000186s ]
INFO: [ template_filter ] --END-- [ RunTime:0.000383s ]
INFO: Run Behavior\ParseTemplateBehavior [ RunTime:0.047973s ]
INFO: [ view_parse ] --END-- [ RunTime:0.048168s ]
INFO: [ view_filter ] --START--
INFO: Run Behavior\WriteHtmlCacheBehavior [ RunTime:0.004476s ]
INFO: [ view_filter ] --END-- [ RunTime:0.004566s ]
INFO: [ app_end ] --START--
INFO: Run Behavior\ShowPageTraceBehavior [ RunTime:0.005069s ]
INFO: [ app_end ] --END-- [ RunTime:0.005190s ]

[ 2016-08-22T19:09:52+08:00 ] 172.16.176.0 /
INFO: [ app_init ] --START--
INFO: Run Behavior\BuildLiteBehavior [ RunTime:0.000041s ]
INFO: [ app_init ] --END-- [ RunTime:0.004028s ]
INFO: [ app_begin ] --START--
INFO: Run Behavior\ReadHtmlCacheBehavior [ RunTime:0.004754s ]
INFO: [ app_begin ] --END-- [ RunTime:0.004971s ]
INFO: [ view_parse ] --START--
INFO: [ template_filter ] --START--
INFO: Run Behavior\ContentReplaceBehavior [ RunTime:0.000097s ]
INFO: [ template_filter ] --END-- [ RunTime:0.000297s ]
INFO: Run Behavior\ParseTemplateBehavior [ RunTime:1.821916s ]
INFO: [ view_parse ] --END-- [ RunTime:1.822130s ]
INFO: [ view_filter ] --START--
INFO: Run Behavior\WriteHtmlCacheBehavior [ RunTime:0.010874s ]
INFO: [ view_filter ] --END-- [ RunTime:0.010968s ]
INFO: [ app_end ] --START--
INFO: Run Behavior\ShowPageTraceBehavior [ RunTime:0.005260s ]
INFO: [ app_end ] --END-- [ RunTime:0.005425s ]

