[ 2016-08-11T10:02:33+08:00 ] 172.16.42.0 /index.php?m=admin&c=login
INFO: [ app_init ] --START--
INFO: Run Behavior\BuildLiteBehavior [ RunTime:0.000052s ]
INFO: [ app_init ] --END-- [ RunTime:2.668466s ]
INFO: [ app_begin ] --START--
INFO: Run Behavior\ReadHtmlCacheBehavior [ RunTime:0.010243s ]
INFO: [ app_begin ] --END-- [ RunTime:0.010403s ]

[ 2016-08-11T10:05:27+08:00 ] 172.16.42.0 /index.php?m=admin&c=login
INFO: [ app_init ] --START--
INFO: Run Behavior\BuildLiteBehavior [ RunTime:0.000037s ]
INFO: [ app_init ] --END-- [ RunTime:0.006085s ]
INFO: [ app_begin ] --START--
INFO: Run Behavior\ReadHtmlCacheBehavior [ RunTime:0.010095s ]
INFO: [ app_begin ] --END-- [ RunTime:0.010404s ]

[ 2016-08-11T10:14:24+08:00 ] 172.16.42.0 /index.php?m=admin&c=login
INFO: [ app_init ] --START--
INFO: Run Behavior\BuildLiteBehavior [ RunTime:0.000083s ]
INFO: [ app_init ] --END-- [ RunTime:0.009683s ]
INFO: [ app_begin ] --START--
INFO: Run Behavior\ReadHtmlCacheBehavior [ RunTime:1.005012s ]
INFO: [ app_begin ] --END-- [ RunTime:1.005330s ]
INFO: [ view_parse ] --START--
INFO: [ template_filter ] --START--
INFO: Run Behavior\ContentReplaceBehavior [ RunTime:0.000158s ]
INFO: [ template_filter ] --END-- [ RunTime:0.000302s ]
INFO: Run Behavior\ParseTemplateBehavior [ RunTime:8.343091s ]
INFO: [ view_parse ] --END-- [ RunTime:8.343368s ]
INFO: [ view_filter ] --START--
INFO: Run Behavior\WriteHtmlCacheBehavior [ RunTime:0.016190s ]
INFO: [ view_filter ] --END-- [ RunTime:0.016339s ]
INFO: [ app_end ] --START--
INFO: Run Behavior\ShowPageTraceBehavior [ RunTime:0.013104s ]
INFO: [ app_end ] --END-- [ RunTime:0.013240s ]

[ 2016-08-11T10:14:42+08:00 ] 172.16.42.0 /index.php?m=admin&c=login
INFO: [ app_init ] --START--
INFO: Run Behavior\BuildLiteBehavior [ RunTime:0.000047s ]
INFO: [ app_init ] --END-- [ RunTime:0.009630s ]
INFO: [ app_begin ] --START--
INFO: Run Behavior\ReadHtmlCacheBehavior [ RunTime:0.010123s ]
INFO: [ app_begin ] --END-- [ RunTime:0.010309s ]
INFO: [ view_parse ] --START--
INFO: [ template_filter ] --START--
INFO: Run Behavior\ContentReplaceBehavior [ RunTime:0.000089s ]
INFO: [ template_filter ] --END-- [ RunTime:0.000262s ]
INFO: Run Behavior\ParseTemplateBehavior [ RunTime:12.340356s ]
INFO: [ view_parse ] --END-- [ RunTime:12.340534s ]
INFO: [ view_filter ] --START--
INFO: Run Behavior\WriteHtmlCacheBehavior [ RunTime:1.574206s ]
INFO: [ view_filter ] --END-- [ RunTime:1.574397s ]
INFO: [ app_end ] --START--
INFO: Run Behavior\ShowPageTraceBehavior [ RunTime:0.847286s ]
INFO: [ app_end ] --END-- [ RunTime:0.847489s ]

[ 2016-08-11T10:14:56+08:00 ] 172.16.42.0 /index.php?m=admin&c=login
INFO: [ app_init ] --START--
INFO: Run Behavior\BuildLiteBehavior [ RunTime:0.000031s ]
INFO: [ app_init ] --END-- [ RunTime:0.003854s ]
INFO: [ app_begin ] --START--
INFO: Run Behavior\ReadHtmlCacheBehavior [ RunTime:0.008278s ]
INFO: [ app_begin ] --END-- [ RunTime:0.008351s ]
INFO: [ view_parse ] --START--
INFO: [ template_filter ] --START--
INFO: Run Behavior\ContentReplaceBehavior [ RunTime:0.000093s ]
INFO: [ template_filter ] --END-- [ RunTime:0.000303s ]
INFO: Run Behavior\ParseTemplateBehavior [ RunTime:12.105354s ]
INFO: [ view_parse ] --END-- [ RunTime:12.105602s ]
INFO: [ view_filter ] --START--
INFO: Run Behavior\WriteHtmlCacheBehavior [ RunTime:0.009096s ]
INFO: [ view_filter ] --END-- [ RunTime:0.009265s ]
INFO: [ app_end ] --START--
INFO: Run Behavior\ShowPageTraceBehavior [ RunTime:0.006542s ]
INFO: [ app_end ] --END-- [ RunTime:0.006657s ]

[ 2016-08-11T10:14:57+08:00 ] 172.16.42.0 /index.php?m=admin&c=login&a=check
INFO: [ app_init ] --START--
INFO: Run Behavior\BuildLiteBehavior [ RunTime:0.000031s ]
INFO: [ app_init ] --END-- [ RunTime:0.004859s ]
INFO: [ app_begin ] --START--
INFO: Run Behavior\ReadHtmlCacheBehavior [ RunTime:0.009999s ]
INFO: [ app_begin ] --END-- [ RunTime:0.010127s ]

[ 2016-08-11T10:14:57+08:00 ] 172.16.42.0 /index.php?m=admin&c=login
INFO: [ app_init ] --START--
INFO: Run Behavior\BuildLiteBehavior [ RunTime:0.000038s ]
INFO: [ app_init ] --END-- [ RunTime:0.004045s ]
INFO: [ app_begin ] --START--
INFO: Run Behavior\ReadHtmlCacheBehavior [ RunTime:0.005983s ]
INFO: [ app_begin ] --END-- [ RunTime:0.006067s ]
INFO: [ view_parse ] --START--
INFO: [ template_filter ] --START--
INFO: Run Behavior\ContentReplaceBehavior [ RunTime:0.000075s ]
INFO: [ template_filter ] --END-- [ RunTime:0.000193s ]
INFO: Run Behavior\ParseTemplateBehavior [ RunTime:0.056658s ]
INFO: [ view_parse ] --END-- [ RunTime:0.056825s ]
INFO: [ view_filter ] --START--
INFO: Run Behavior\WriteHtmlCacheBehavior [ RunTime:0.004481s ]
INFO: [ view_filter ] --END-- [ RunTime:0.004552s ]
INFO: [ app_end ] --START--
INFO: Run Behavior\ShowPageTraceBehavior [ RunTime:0.004820s ]
INFO: [ app_end ] --END-- [ RunTime:0.004885s ]

[ 2016-08-11T10:14:57+08:00 ] 172.16.42.0 /index.php?m=admin&c=login
INFO: [ app_init ] --START--
INFO: Run Behavior\BuildLiteBehavior [ RunTime:0.000033s ]
INFO: [ app_init ] --END-- [ RunTime:0.006229s ]
INFO: [ app_begin ] --START--
INFO: Run Behavior\ReadHtmlCacheBehavior [ RunTime:0.010223s ]
INFO: [ app_begin ] --END-- [ RunTime:0.010368s ]
INFO: [ view_parse ] --START--
INFO: [ template_filter ] --START--
INFO: Run Behavior\ContentReplaceBehavior [ RunTime:0.000182s ]
INFO: [ template_filter ] --END-- [ RunTime:0.000380s ]
INFO: Run Behavior\ParseTemplateBehavior [ RunTime:0.074660s ]
INFO: [ view_parse ] --END-- [ RunTime:0.074832s ]
INFO: [ view_filter ] --START--
INFO: Run Behavior\WriteHtmlCacheBehavior [ RunTime:0.008983s ]
INFO: [ view_filter ] --END-- [ RunTime:0.009164s ]
INFO: [ app_end ] --START--
INFO: Run Behavior\ShowPageTraceBehavior [ RunTime:0.013359s ]
INFO: [ app_end ] --END-- [ RunTime:0.013528s ]

[ 2016-08-11T10:34:24+08:00 ] 172.16.42.0 /index.php?m=admin&c=login&a=check
INFO: [ app_init ] --START--
INFO: Run Behavior\BuildLiteBehavior [ RunTime:0.000050s ]
INFO: [ app_init ] --END-- [ RunTime:0.010415s ]
INFO: [ app_begin ] --START--
INFO: Run Behavior\ReadHtmlCacheBehavior [ RunTime:0.007884s ]
INFO: [ app_begin ] --END-- [ RunTime:0.008046s ]
SQL: SHOW COLUMNS FROM `cms_admin` [ RunTime:0.0148s ]
SQL: SELECT * FROM `cms_admin` WHERE ( username="admin" ) LIMIT 1   [ RunTime:0.0118s ]
INFO: [ app_end ] --START--
INFO: Run Behavior\ShowPageTraceBehavior [ RunTime:0.011632s ]
INFO: [ app_end ] --END-- [ RunTime:0.011969s ]

[ 2016-08-11T10:36:28+08:00 ] 172.16.42.0 /index.php?m=admin&c=login&a=check
INFO: [ app_init ] --START--
INFO: Run Behavior\BuildLiteBehavior [ RunTime:0.000036s ]
INFO: [ app_init ] --END-- [ RunTime:0.005625s ]
INFO: [ app_begin ] --START--
INFO: Run Behavior\ReadHtmlCacheBehavior [ RunTime:0.010657s ]
INFO: [ app_begin ] --END-- [ RunTime:0.010836s ]
SQL: SHOW COLUMNS FROM `cms_admin` [ RunTime:0.0051s ]
SQL: SELECT * FROM `cms_admin` WHERE ( username="admin" ) LIMIT 1   [ RunTime:0.0121s ]
INFO: [ app_end ] --START--
INFO: Run Behavior\ShowPageTraceBehavior [ RunTime:0.762796s ]
INFO: [ app_end ] --END-- [ RunTime:0.763063s ]

[ 2016-08-11T10:38:57+08:00 ] 172.16.42.0 /index.php?m=admin&c=login
INFO: [ app_init ] --START--
INFO: Run Behavior\BuildLiteBehavior [ RunTime:0.000055s ]
INFO: [ app_init ] --END-- [ RunTime:0.006916s ]
INFO: [ app_begin ] --START--
INFO: Run Behavior\ReadHtmlCacheBehavior [ RunTime:0.007840s ]
INFO: [ app_begin ] --END-- [ RunTime:0.007983s ]
INFO: [ view_parse ] --START--
INFO: [ template_filter ] --START--
INFO: Run Behavior\ContentReplaceBehavior [ RunTime:0.000107s ]
INFO: [ template_filter ] --END-- [ RunTime:0.000322s ]
INFO: Run Behavior\ParseTemplateBehavior [ RunTime:3.622497s ]
INFO: [ view_parse ] --END-- [ RunTime:3.622725s ]
INFO: [ view_filter ] --START--
INFO: Run Behavior\WriteHtmlCacheBehavior [ RunTime:0.013941s ]
INFO: [ view_filter ] --END-- [ RunTime:0.014077s ]
INFO: [ app_end ] --START--
INFO: Run Behavior\ShowPageTraceBehavior [ RunTime:5.642169s ]
INFO: [ app_end ] --END-- [ RunTime:5.642390s ]

[ 2016-08-11T10:39:25+08:00 ] 172.16.42.0 /index.php?m=admin&c=login
INFO: [ app_init ] --START--
INFO: Run Behavior\BuildLiteBehavior [ RunTime:0.000050s ]
INFO: [ app_init ] --END-- [ RunTime:0.008080s ]
INFO: [ app_begin ] --START--
INFO: Run Behavior\ReadHtmlCacheBehavior [ RunTime:4.677843s ]
INFO: [ app_begin ] --END-- [ RunTime:4.678089s ]
INFO: [ view_parse ] --START--
INFO: [ template_filter ] --START--
INFO: Run Behavior\ContentReplaceBehavior [ RunTime:0.000087s ]
INFO: [ template_filter ] --END-- [ RunTime:0.000277s ]
INFO: Run Behavior\ParseTemplateBehavior [ RunTime:12.372184s ]
INFO: [ view_parse ] --END-- [ RunTime:12.372396s ]
INFO: [ view_filter ] --START--
INFO: Run Behavior\WriteHtmlCacheBehavior [ RunTime:0.011247s ]
INFO: [ view_filter ] --END-- [ RunTime:0.011369s ]
INFO: [ app_end ] --START--
INFO: Run Behavior\ShowPageTraceBehavior [ RunTime:0.009614s ]
INFO: [ app_end ] --END-- [ RunTime:0.009710s ]

[ 2016-08-11T14:34:29+08:00 ] 172.16.42.0 /index.php?m=admin&c=login
INFO: [ app_init ] --START--
INFO: Run Behavior\BuildLiteBehavior [ RunTime:0.000051s ]
INFO: [ app_init ] --END-- [ RunTime:1.612834s ]
INFO: [ app_begin ] --START--
INFO: Run Behavior\ReadHtmlCacheBehavior [ RunTime:2.797066s ]
INFO: [ app_begin ] --END-- [ RunTime:2.797354s ]
INFO: [ view_parse ] --START--
INFO: [ template_filter ] --START--
INFO: Run Behavior\ContentReplaceBehavior [ RunTime:0.000094s ]
INFO: [ template_filter ] --END-- [ RunTime:0.000257s ]
INFO: Run Behavior\ParseTemplateBehavior [ RunTime:4.255051s ]
INFO: [ view_parse ] --END-- [ RunTime:4.255247s ]
INFO: [ view_filter ] --START--
INFO: Run Behavior\WriteHtmlCacheBehavior [ RunTime:1.511643s ]
INFO: [ view_filter ] --END-- [ RunTime:1.511942s ]
INFO: [ app_end ] --START--
INFO: Run Behavior\ShowPageTraceBehavior [ RunTime:1.352457s ]
INFO: [ app_end ] --END-- [ RunTime:1.352677s ]

[ 2016-08-11T14:34:36+08:00 ] 172.16.42.0 /index.php?m=admin&c=login&a=check
INFO: [ app_init ] --START--
INFO: Run Behavior\BuildLiteBehavior [ RunTime:0.000052s ]
INFO: [ app_init ] --END-- [ RunTime:1.613276s ]
INFO: [ app_begin ] --START--
INFO: Run Behavior\ReadHtmlCacheBehavior [ RunTime:2.797755s ]
INFO: [ app_begin ] --END-- [ RunTime:2.798075s ]
SQL: SHOW COLUMNS FROM `cms_admin` [ RunTime:0.0126s ]
SQL: SELECT * FROM `cms_admin` WHERE ( username="admin" ) LIMIT 1   [ RunTime:0.0027s ]
INFO: [ app_end ] --START--
INFO: Run Behavior\ShowPageTraceBehavior [ RunTime:0.011904s ]
INFO: [ app_end ] --END-- [ RunTime:0.012098s ]

[ 2016-08-11T14:34:57+08:00 ] 172.16.42.0 /index.php?m=admin&c=login
INFO: [ app_init ] --START--
INFO: Run Behavior\BuildLiteBehavior [ RunTime:0.000071s ]
INFO: [ app_init ] --END-- [ RunTime:0.009758s ]
INFO: [ app_begin ] --START--
INFO: Run Behavior\ReadHtmlCacheBehavior [ RunTime:0.010461s ]
INFO: [ app_begin ] --END-- [ RunTime:0.010624s ]
INFO: [ view_parse ] --START--
INFO: [ template_filter ] --START--
INFO: Run Behavior\ContentReplaceBehavior [ RunTime:0.000097s ]
INFO: [ template_filter ] --END-- [ RunTime:0.000259s ]
INFO: Run Behavior\ParseTemplateBehavior [ RunTime:2.961733s ]
INFO: [ view_parse ] --END-- [ RunTime:2.961933s ]
INFO: [ view_filter ] --START--
INFO: Run Behavior\WriteHtmlCacheBehavior [ RunTime:1.931824s ]
INFO: [ view_filter ] --END-- [ RunTime:1.932064s ]
INFO: [ app_end ] --START--
INFO: Run Behavior\ShowPageTraceBehavior [ RunTime:0.918001s ]
INFO: [ app_end ] --END-- [ RunTime:0.918158s ]

[ 2016-08-11T14:35:14+08:00 ] 172.16.42.0 /index.php?m=admin&c=login&a=check
INFO: [ app_init ] --START--
INFO: Run Behavior\BuildLiteBehavior [ RunTime:0.000030s ]
INFO: [ app_init ] --END-- [ RunTime:0.006204s ]
INFO: [ app_begin ] --START--
INFO: Run Behavior\ReadHtmlCacheBehavior [ RunTime:0.007322s ]
INFO: [ app_begin ] --END-- [ RunTime:0.007482s ]
SQL: SHOW COLUMNS FROM `cms_admin` [ RunTime:0.0080s ]
SQL: SELECT * FROM `cms_admin` WHERE ( username="admin" ) LIMIT 1   [ RunTime:0.0015s ]
INFO: [ app_end ] --START--
INFO: Run Behavior\ShowPageTraceBehavior [ RunTime:0.006528s ]
INFO: [ app_end ] --END-- [ RunTime:0.006632s ]

[ 2016-08-11T14:35:37+08:00 ] 172.16.42.0 /index.php?m=admin&c=login
INFO: [ app_init ] --START--
INFO: Run Behavior\BuildLiteBehavior [ RunTime:0.000045s ]
INFO: [ app_init ] --END-- [ RunTime:0.011097s ]
INFO: [ app_begin ] --START--
INFO: Run Behavior\ReadHtmlCacheBehavior [ RunTime:1.905452s ]
INFO: [ app_begin ] --END-- [ RunTime:1.905677s ]
INFO: [ view_parse ] --START--
INFO: [ template_filter ] --START--
INFO: Run Behavior\ContentReplaceBehavior [ RunTime:0.000149s ]
INFO: [ template_filter ] --END-- [ RunTime:0.000311s ]
INFO: Run Behavior\ParseTemplateBehavior [ RunTime:6.809110s ]
INFO: [ view_parse ] --END-- [ RunTime:6.809395s ]
INFO: [ view_filter ] --START--
INFO: Run Behavior\WriteHtmlCacheBehavior [ RunTime:0.014118s ]
INFO: [ view_filter ] --END-- [ RunTime:0.014226s ]
INFO: [ app_end ] --START--
INFO: Run Behavior\ShowPageTraceBehavior [ RunTime:0.780414s ]
INFO: [ app_end ] --END-- [ RunTime:0.780547s ]

[ 2016-08-11T14:35:54+08:00 ] 172.16.42.0 /index.php?m=admin&c=login
INFO: [ app_init ] --START--
INFO: Run Behavior\BuildLiteBehavior [ RunTime:0.000077s ]
INFO: [ app_init ] --END-- [ RunTime:0.012854s ]
INFO: [ app_begin ] --START--
INFO: Run Behavior\ReadHtmlCacheBehavior [ RunTime:0.776879s ]
INFO: [ app_begin ] --END-- [ RunTime:0.777308s ]
INFO: [ view_parse ] --START--
INFO: [ template_filter ] --START--
INFO: Run Behavior\ContentReplaceBehavior [ RunTime:0.000117s ]
INFO: [ template_filter ] --END-- [ RunTime:0.000221s ]
INFO: Run Behavior\ParseTemplateBehavior [ RunTime:2.834458s ]
INFO: [ view_parse ] --END-- [ RunTime:2.834663s ]
INFO: [ view_filter ] --START--
INFO: Run Behavior\WriteHtmlCacheBehavior [ RunTime:0.013247s ]
INFO: [ view_filter ] --END-- [ RunTime:0.013401s ]
INFO: [ app_end ] --START--
INFO: Run Behavior\ShowPageTraceBehavior [ RunTime:0.010823s ]
INFO: [ app_end ] --END-- [ RunTime:0.010975s ]

[ 2016-08-11T14:36:34+08:00 ] 172.16.42.0 /index.php?m=admin&c=login&a=check
INFO: [ app_init ] --START--
INFO: Run Behavior\BuildLiteBehavior [ RunTime:0.000062s ]
INFO: [ app_init ] --END-- [ RunTime:1.731512s ]
INFO: [ app_begin ] --START--
INFO: Run Behavior\ReadHtmlCacheBehavior [ RunTime:0.018638s ]
INFO: [ app_begin ] --END-- [ RunTime:0.018800s ]
SQL: SHOW COLUMNS FROM `cms_admin` [ RunTime:0.0078s ]
SQL: SELECT * FROM `cms_admin` WHERE ( username="admin" ) LIMIT 1   [ RunTime:0.0012s ]
INFO: [ app_end ] --START--
INFO: Run Behavior\ShowPageTraceBehavior [ RunTime:0.661492s ]
INFO: [ app_end ] --END-- [ RunTime:0.661780s ]

[ 2016-08-11T14:42:30+08:00 ] 172.16.42.0 /index.php?m=admin&c=login
INFO: [ app_init ] --START--
INFO: Run Behavior\BuildLiteBehavior [ RunTime:0.000090s ]
INFO: [ app_init ] --END-- [ RunTime:0.007710s ]
INFO: [ app_begin ] --START--
INFO: Run Behavior\ReadHtmlCacheBehavior [ RunTime:0.011435s ]
INFO: [ app_begin ] --END-- [ RunTime:0.011561s ]
INFO: [ view_parse ] --START--
INFO: [ template_filter ] --START--
INFO: Run Behavior\ContentReplaceBehavior [ RunTime:0.000061s ]
INFO: [ template_filter ] --END-- [ RunTime:0.000154s ]
INFO: Run Behavior\ParseTemplateBehavior [ RunTime:0.081339s ]
INFO: [ view_parse ] --END-- [ RunTime:0.081458s ]
INFO: [ view_filter ] --START--
INFO: Run Behavior\WriteHtmlCacheBehavior [ RunTime:0.011746s ]
INFO: [ view_filter ] --END-- [ RunTime:0.011840s ]
INFO: [ app_end ] --START--
INFO: Run Behavior\ShowPageTraceBehavior [ RunTime:0.013895s ]
INFO: [ app_end ] --END-- [ RunTime:0.014009s ]

[ 2016-08-11T14:42:33+08:00 ] 172.16.42.0 /index.php?m=admin&c=login
INFO: [ app_init ] --START--
INFO: Run Behavior\BuildLiteBehavior [ RunTime:0.000112s ]
INFO: [ app_init ] --END-- [ RunTime:0.007160s ]
INFO: [ app_begin ] --START--
INFO: Run Behavior\ReadHtmlCacheBehavior [ RunTime:0.010935s ]
INFO: [ app_begin ] --END-- [ RunTime:0.011138s ]
INFO: [ view_parse ] --START--
INFO: [ template_filter ] --START--
INFO: Run Behavior\ContentReplaceBehavior [ RunTime:0.000091s ]
INFO: [ template_filter ] --END-- [ RunTime:0.000241s ]
INFO: Run Behavior\ParseTemplateBehavior [ RunTime:0.076757s ]
INFO: [ view_parse ] --END-- [ RunTime:0.076905s ]
INFO: [ view_filter ] --START--
INFO: Run Behavior\WriteHtmlCacheBehavior [ RunTime:0.009917s ]
INFO: [ view_filter ] --END-- [ RunTime:0.010025s ]
INFO: [ app_end ] --START--
INFO: Run Behavior\ShowPageTraceBehavior [ RunTime:0.011168s ]
INFO: [ app_end ] --END-- [ RunTime:0.011356s ]

[ 2016-08-11T14:42:42+08:00 ] 172.16.42.0 /index.php?m=admin&c=login&a=check
INFO: [ app_init ] --START--
INFO: Run Behavior\BuildLiteBehavior [ RunTime:0.000051s ]
INFO: [ app_init ] --END-- [ RunTime:0.007921s ]
INFO: [ app_begin ] --START--
INFO: Run Behavior\ReadHtmlCacheBehavior [ RunTime:0.009201s ]
INFO: [ app_begin ] --END-- [ RunTime:0.009343s ]
SQL: SHOW COLUMNS FROM `cms_admin` [ RunTime:0.0112s ]
SQL: SELECT * FROM `cms_admin` WHERE ( username="lqinb" ) LIMIT 1   [ RunTime:0.0010s ]

[ 2016-08-11T14:42:50+08:00 ] 172.16.42.0 /index.php?m=admin&c=login&a=check
INFO: [ app_init ] --START--
INFO: Run Behavior\BuildLiteBehavior [ RunTime:0.000044s ]
INFO: [ app_init ] --END-- [ RunTime:0.008111s ]
INFO: [ app_begin ] --START--
INFO: Run Behavior\ReadHtmlCacheBehavior [ RunTime:0.011450s ]
INFO: [ app_begin ] --END-- [ RunTime:0.011667s ]
SQL: SHOW COLUMNS FROM `cms_admin` [ RunTime:0.0104s ]
SQL: SELECT * FROM `cms_admin` WHERE ( username="admin" ) LIMIT 1   [ RunTime:0.0016s ]
INFO: [ app_end ] --START--
INFO: Run Behavior\ShowPageTraceBehavior [ RunTime:0.005575s ]
INFO: [ app_end ] --END-- [ RunTime:0.005721s ]

[ 2016-08-11T14:58:10+08:00 ] 172.16.42.0 /index.php?m=admin&c=login
INFO: [ app_init ] --START--
INFO: Run Behavior\BuildLiteBehavior [ RunTime:0.000046s ]
INFO: [ app_init ] --END-- [ RunTime:0.011017s ]
INFO: [ app_begin ] --START--
INFO: Run Behavior\ReadHtmlCacheBehavior [ RunTime:0.013097s ]
INFO: [ app_begin ] --END-- [ RunTime:0.013411s ]

[ 2016-08-11T15:01:02+08:00 ] 172.16.42.0 /index.php?m=admin&c=login
INFO: [ app_init ] --START--
INFO: Run Behavior\BuildLiteBehavior [ RunTime:0.000128s ]
INFO: [ app_init ] --END-- [ RunTime:0.009884s ]
INFO: [ app_begin ] --START--
INFO: Run Behavior\ReadHtmlCacheBehavior [ RunTime:0.014751s ]
INFO: [ app_begin ] --END-- [ RunTime:0.014921s ]
INFO: [ view_parse ] --START--
INFO: [ template_filter ] --START--
INFO: Run Behavior\ContentReplaceBehavior [ RunTime:0.000057s ]
INFO: [ template_filter ] --END-- [ RunTime:0.000155s ]
INFO: Run Behavior\ParseTemplateBehavior [ RunTime:2.846407s ]
INFO: [ view_parse ] --END-- [ RunTime:2.846599s ]
INFO: [ view_filter ] --START--
INFO: Run Behavior\WriteHtmlCacheBehavior [ RunTime:0.019139s ]
INFO: [ view_filter ] --END-- [ RunTime:0.019451s ]
INFO: [ app_end ] --START--
INFO: Run Behavior\ShowPageTraceBehavior [ RunTime:0.015092s ]
INFO: [ app_end ] --END-- [ RunTime:0.015274s ]

[ 2016-08-11T15:01:16+08:00 ] 172.16.42.0 /index.php?m=admin&c=login
INFO: [ app_init ] --START--
INFO: Run Behavior\BuildLiteBehavior [ RunTime:0.000072s ]
INFO: [ app_init ] --END-- [ RunTime:0.011267s ]
INFO: [ app_begin ] --START--
INFO: Run Behavior\ReadHtmlCacheBehavior [ RunTime:0.011855s ]
INFO: [ app_begin ] --END-- [ RunTime:0.012002s ]
INFO: [ view_parse ] --START--
INFO: [ template_filter ] --START--
INFO: Run Behavior\ContentReplaceBehavior [ RunTime:0.000114s ]
INFO: [ template_filter ] --END-- [ RunTime:0.000301s ]
INFO: Run Behavior\ParseTemplateBehavior [ RunTime:6.093798s ]
INFO: [ view_parse ] --END-- [ RunTime:6.094276s ]
INFO: [ view_filter ] --START--
INFO: Run Behavior\WriteHtmlCacheBehavior [ RunTime:0.022738s ]
INFO: [ view_filter ] --END-- [ RunTime:0.023038s ]
INFO: [ app_end ] --START--
INFO: Run Behavior\ShowPageTraceBehavior [ RunTime:0.018609s ]
INFO: [ app_end ] --END-- [ RunTime:0.018894s ]

[ 2016-08-11T15:01:17+08:00 ] 172.16.42.0 /index.php?m=admin&c=login&a=check
INFO: [ app_init ] --START--
INFO: Run Behavior\BuildLiteBehavior [ RunTime:0.000043s ]
INFO: [ app_init ] --END-- [ RunTime:0.007338s ]
INFO: [ app_begin ] --START--
INFO: Run Behavior\ReadHtmlCacheBehavior [ RunTime:1.774504s ]
INFO: [ app_begin ] --END-- [ RunTime:1.774776s ]
SQL: SHOW COLUMNS FROM `cms_admin` [ RunTime:0.0160s ]
SQL: SELECT * FROM `cms_admin` WHERE ( username="admin" ) LIMIT 1   [ RunTime:0.0030s ]

[ 2016-08-11T15:05:30+08:00 ] 172.16.42.0 /index.php?m=admin&c=login
INFO: [ app_init ] --START--
INFO: Run Behavior\BuildLiteBehavior [ RunTime:0.000038s ]
INFO: [ app_init ] --END-- [ RunTime:0.006996s ]
INFO: [ app_begin ] --START--
INFO: Run Behavior\ReadHtmlCacheBehavior [ RunTime:0.009927s ]
INFO: [ app_begin ] --END-- [ RunTime:0.010072s ]
INFO: [ view_parse ] --START--
INFO: [ template_filter ] --START--
INFO: Run Behavior\ContentReplaceBehavior [ RunTime:0.000106s ]
INFO: [ template_filter ] --END-- [ RunTime:0.000348s ]
INFO: Run Behavior\ParseTemplateBehavior [ RunTime:0.076961s ]
INFO: [ view_parse ] --END-- [ RunTime:0.077088s ]
INFO: [ view_filter ] --START--
INFO: Run Behavior\WriteHtmlCacheBehavior [ RunTime:0.007371s ]
INFO: [ view_filter ] --END-- [ RunTime:0.007459s ]
INFO: [ app_end ] --START--
INFO: Run Behavior\ShowPageTraceBehavior [ RunTime:0.014646s ]
INFO: [ app_end ] --END-- [ RunTime:0.014799s ]

[ 2016-08-11T15:05:45+08:00 ] 172.16.42.0 /index.php?m=admin&c=login
INFO: [ app_init ] --START--
INFO: Run Behavior\BuildLiteBehavior [ RunTime:0.000077s ]
INFO: [ app_init ] --END-- [ RunTime:0.014455s ]
INFO: [ app_begin ] --START--
INFO: Run Behavior\ReadHtmlCacheBehavior [ RunTime:0.014126s ]
INFO: [ app_begin ] --END-- [ RunTime:0.014453s ]
INFO: [ view_parse ] --START--
INFO: [ template_filter ] --START--
INFO: Run Behavior\ContentReplaceBehavior [ RunTime:0.000159s ]
INFO: [ template_filter ] --END-- [ RunTime:0.000336s ]
INFO: Run Behavior\ParseTemplateBehavior [ RunTime:0.152202s ]
INFO: [ view_parse ] --END-- [ RunTime:0.152471s ]
INFO: [ view_filter ] --START--
INFO: Run Behavior\WriteHtmlCacheBehavior [ RunTime:0.011850s ]
INFO: [ view_filter ] --END-- [ RunTime:0.011940s ]
INFO: [ app_end ] --START--
INFO: Run Behavior\ShowPageTraceBehavior [ RunTime:0.012126s ]
INFO: [ app_end ] --END-- [ RunTime:0.012282s ]

[ 2016-08-11T15:05:50+08:00 ] 172.16.42.0 /index.php?m=admin&c=login&a=check
INFO: [ app_init ] --START--
INFO: Run Behavior\BuildLiteBehavior [ RunTime:0.000095s ]
INFO: [ app_init ] --END-- [ RunTime:0.019770s ]
INFO: [ app_begin ] --START--
INFO: Run Behavior\ReadHtmlCacheBehavior [ RunTime:0.015865s ]
INFO: [ app_begin ] --END-- [ RunTime:0.015978s ]
SQL: SHOW COLUMNS FROM `cms_admin` [ RunTime:0.0069s ]
SQL: SELECT * FROM `cms_admin` WHERE ( username="admin" ) LIMIT 1   [ RunTime:0.0013s ]

[ 2016-08-11T15:09:25+08:00 ] 172.16.42.0 /index.php?m=admin&c=login&a=check
INFO: [ app_init ] --START--
INFO: Run Behavior\BuildLiteBehavior [ RunTime:0.000055s ]
INFO: [ app_init ] --END-- [ RunTime:0.005914s ]
INFO: [ app_begin ] --START--
INFO: Run Behavior\ReadHtmlCacheBehavior [ RunTime:0.011915s ]
INFO: [ app_begin ] --END-- [ RunTime:0.012147s ]
SQL: SHOW COLUMNS FROM `cms_admin` [ RunTime:0.0129s ]
SQL: SELECT * FROM `cms_admin` WHERE ( username="admin" ) LIMIT 1   [ RunTime:0.0016s ]

[ 2016-08-11T15:09:28+08:00 ] 172.16.42.0 /index.php?m=admin&c=index
INFO: [ app_init ] --START--
INFO: Run Behavior\BuildLiteBehavior [ RunTime:0.000043s ]
INFO: [ app_init ] --END-- [ RunTime:0.010163s ]
INFO: [ app_begin ] --START--
INFO: Run Behavior\ReadHtmlCacheBehavior [ RunTime:0.011096s ]
INFO: [ app_begin ] --END-- [ RunTime:0.011268s ]
INFO: [ view_parse ] --START--
INFO: [ template_filter ] --START--
INFO: Run Behavior\ContentReplaceBehavior [ RunTime:0.000093s ]
INFO: [ template_filter ] --END-- [ RunTime:0.000214s ]
INFO: Run Behavior\ParseTemplateBehavior [ RunTime:0.146416s ]
INFO: [ view_parse ] --END-- [ RunTime:0.146640s ]
INFO: [ view_filter ] --START--
INFO: Run Behavior\WriteHtmlCacheBehavior [ RunTime:0.011441s ]
INFO: [ view_filter ] --END-- [ RunTime:0.011535s ]
INFO: [ app_end ] --START--
INFO: Run Behavior\ShowPageTraceBehavior [ RunTime:0.011065s ]
INFO: [ app_end ] --END-- [ RunTime:0.011177s ]

[ 2016-08-11T15:29:05+08:00 ] 172.16.42.0 /index.php?m=admin&c=login
INFO: [ app_init ] --START--
INFO: Run Behavior\BuildLiteBehavior [ RunTime:0.000058s ]
INFO: [ app_init ] --END-- [ RunTime:0.011111s ]
INFO: [ app_begin ] --START--
INFO: Run Behavior\ReadHtmlCacheBehavior [ RunTime:0.013717s ]
INFO: [ app_begin ] --END-- [ RunTime:0.013875s ]
INFO: [ view_parse ] --START--
INFO: [ template_filter ] --START--
INFO: Run Behavior\ContentReplaceBehavior [ RunTime:0.000101s ]
INFO: [ template_filter ] --END-- [ RunTime:0.000280s ]
INFO: Run Behavior\ParseTemplateBehavior [ RunTime:0.089754s ]
INFO: [ view_parse ] --END-- [ RunTime:0.089942s ]
INFO: [ view_filter ] --START--
INFO: Run Behavior\WriteHtmlCacheBehavior [ RunTime:0.012551s ]
INFO: [ view_filter ] --END-- [ RunTime:0.012720s ]
INFO: [ app_end ] --START--
INFO: Run Behavior\ShowPageTraceBehavior [ RunTime:0.010519s ]
INFO: [ app_end ] --END-- [ RunTime:0.010680s ]

[ 2016-08-11T15:29:22+08:00 ] 172.16.42.0 /index.php?m=admin&c=login
INFO: [ app_init ] --START--
INFO: Run Behavior\BuildLiteBehavior [ RunTime:0.000178s ]
INFO: [ app_init ] --END-- [ RunTime:0.012097s ]
INFO: [ app_begin ] --START--
INFO: Run Behavior\ReadHtmlCacheBehavior [ RunTime:0.018042s ]
INFO: [ app_begin ] --END-- [ RunTime:0.018493s ]
INFO: [ view_parse ] --START--
INFO: [ template_filter ] --START--
INFO: Run Behavior\ContentReplaceBehavior [ RunTime:0.000297s ]
INFO: [ template_filter ] --END-- [ RunTime:0.000589s ]
INFO: Run Behavior\ParseTemplateBehavior [ RunTime:0.089969s ]
INFO: [ view_parse ] --END-- [ RunTime:0.090398s ]
INFO: [ view_filter ] --START--
INFO: Run Behavior\WriteHtmlCacheBehavior [ RunTime:0.010304s ]
INFO: [ view_filter ] --END-- [ RunTime:0.010445s ]
INFO: [ app_end ] --START--
INFO: Run Behavior\ShowPageTraceBehavior [ RunTime:0.012894s ]
INFO: [ app_end ] --END-- [ RunTime:0.012958s ]

[ 2016-08-11T15:46:32+08:00 ] 172.16.42.0 /index.php?m=admin&c=login
INFO: [ app_init ] --START--
INFO: Run Behavior\BuildLiteBehavior [ RunTime:0.000081s ]
INFO: [ app_init ] --END-- [ RunTime:0.015785s ]
INFO: [ app_begin ] --START--
INFO: Run Behavior\ReadHtmlCacheBehavior [ RunTime:0.010392s ]
INFO: [ app_begin ] --END-- [ RunTime:0.010921s ]
INFO: [ view_parse ] --START--
INFO: [ template_filter ] --START--
INFO: Run Behavior\ContentReplaceBehavior [ RunTime:0.000179s ]
INFO: [ template_filter ] --END-- [ RunTime:0.000445s ]
INFO: Run Behavior\ParseTemplateBehavior [ RunTime:8.392942s ]
INFO: [ view_parse ] --END-- [ RunTime:8.393201s ]
INFO: [ view_filter ] --START--
INFO: Run Behavior\WriteHtmlCacheBehavior [ RunTime:0.018742s ]
INFO: [ view_filter ] --END-- [ RunTime:0.018879s ]
INFO: [ app_end ] --START--
INFO: Run Behavior\ShowPageTraceBehavior [ RunTime:0.013323s ]
INFO: [ app_end ] --END-- [ RunTime:0.013411s ]

[ 2016-08-11T15:46:39+08:00 ] 172.16.42.0 /index.php?m=admin&c=login
INFO: [ app_init ] --START--
INFO: Run Behavior\BuildLiteBehavior [ RunTime:0.000036s ]
INFO: [ app_init ] --END-- [ RunTime:0.006843s ]
INFO: [ app_begin ] --START--
INFO: Run Behavior\ReadHtmlCacheBehavior [ RunTime:0.009351s ]
INFO: [ app_begin ] --END-- [ RunTime:0.009634s ]
INFO: [ view_parse ] --START--
INFO: [ template_filter ] --START--
INFO: Run Behavior\ContentReplaceBehavior [ RunTime:0.000081s ]
INFO: [ template_filter ] --END-- [ RunTime:0.000207s ]
INFO: Run Behavior\ParseTemplateBehavior [ RunTime:0.059073s ]
INFO: [ view_parse ] --END-- [ RunTime:0.059299s ]
INFO: [ view_filter ] --START--
INFO: Run Behavior\WriteHtmlCacheBehavior [ RunTime:0.009688s ]
INFO: [ view_filter ] --END-- [ RunTime:0.009796s ]
INFO: [ app_end ] --START--
INFO: Run Behavior\ShowPageTraceBehavior [ RunTime:0.006809s ]
INFO: [ app_end ] --END-- [ RunTime:0.006876s ]

[ 2016-08-11T15:47:15+08:00 ] 172.16.42.0 /index.php?m=admin&c=login&a=check
INFO: [ app_init ] --START--
INFO: Run Behavior\BuildLiteBehavior [ RunTime:0.000095s ]
INFO: [ app_init ] --END-- [ RunTime:0.011679s ]
INFO: [ app_begin ] --START--
INFO: Run Behavior\ReadHtmlCacheBehavior [ RunTime:0.013275s ]
INFO: [ app_begin ] --END-- [ RunTime:0.013603s ]
SQL: SHOW COLUMNS FROM `cms_admin` [ RunTime:0.0153s ]
SQL: SELECT * FROM `cms_admin` WHERE ( username="admin" ) LIMIT 1   [ RunTime:0.0024s ]

[ 2016-08-11T15:47:47+08:00 ] 172.16.42.0 /index.php?m=admin&c=index
INFO: [ app_init ] --START--
INFO: Run Behavior\BuildLiteBehavior [ RunTime:0.000048s ]
INFO: [ app_init ] --END-- [ RunTime:0.004965s ]
INFO: [ app_begin ] --START--
INFO: Run Behavior\ReadHtmlCacheBehavior [ RunTime:0.014310s ]
INFO: [ app_begin ] --END-- [ RunTime:0.014687s ]
INFO: [ view_parse ] --START--
INFO: [ template_filter ] --START--
INFO: Run Behavior\ContentReplaceBehavior [ RunTime:0.000184s ]
INFO: [ template_filter ] --END-- [ RunTime:0.000328s ]
INFO: Run Behavior\ParseTemplateBehavior [ RunTime:0.143662s ]
INFO: [ view_parse ] --END-- [ RunTime:0.143805s ]
INFO: [ view_filter ] --START--
INFO: Run Behavior\WriteHtmlCacheBehavior [ RunTime:0.009260s ]
INFO: [ view_filter ] --END-- [ RunTime:0.009339s ]
INFO: [ app_end ] --START--
INFO: Run Behavior\ShowPageTraceBehavior [ RunTime:0.008825s ]
INFO: [ app_end ] --END-- [ RunTime:0.008961s ]

[ 2016-08-11T16:09:21+08:00 ] 172.16.42.0 /index.php?m=admin&c=index
INFO: [ app_init ] --START--
INFO: Run Behavior\BuildLiteBehavior [ RunTime:0.000072s ]
INFO: [ app_init ] --END-- [ RunTime:0.012770s ]
INFO: [ app_begin ] --START--
INFO: Run Behavior\ReadHtmlCacheBehavior [ RunTime:0.010227s ]
INFO: [ app_begin ] --END-- [ RunTime:0.010364s ]
INFO: [ view_parse ] --START--
INFO: [ template_filter ] --START--
INFO: Run Behavior\ContentReplaceBehavior [ RunTime:0.000111s ]
INFO: [ template_filter ] --END-- [ RunTime:0.000252s ]
INFO: Run Behavior\ParseTemplateBehavior [ RunTime:5.685820s ]
INFO: [ view_parse ] --END-- [ RunTime:5.685990s ]
INFO: [ view_filter ] --START--
INFO: Run Behavior\WriteHtmlCacheBehavior [ RunTime:0.015847s ]
INFO: [ view_filter ] --END-- [ RunTime:0.016063s ]
INFO: [ app_end ] --START--
INFO: Run Behavior\ShowPageTraceBehavior [ RunTime:0.015641s ]
INFO: [ app_end ] --END-- [ RunTime:0.015970s ]

[ 2016-08-11T16:09:24+08:00 ] 172.16.42.0 /index.php?m=admin&c=index
INFO: [ app_init ] --START--
INFO: Run Behavior\BuildLiteBehavior [ RunTime:0.000115s ]
INFO: [ app_init ] --END-- [ RunTime:0.013798s ]
INFO: [ app_begin ] --START--
INFO: Run Behavior\ReadHtmlCacheBehavior [ RunTime:0.011301s ]
INFO: [ app_begin ] --END-- [ RunTime:0.011458s ]
INFO: [ view_parse ] --START--
INFO: [ template_filter ] --START--
INFO: Run Behavior\ContentReplaceBehavior [ RunTime:0.000225s ]
INFO: [ template_filter ] --END-- [ RunTime:0.000388s ]
INFO: Run Behavior\ParseTemplateBehavior [ RunTime:0.169588s ]
INFO: [ view_parse ] --END-- [ RunTime:0.169771s ]
INFO: [ view_filter ] --START--
INFO: Run Behavior\WriteHtmlCacheBehavior [ RunTime:0.009242s ]
INFO: [ view_filter ] --END-- [ RunTime:0.009344s ]
INFO: [ app_end ] --START--
INFO: Run Behavior\ShowPageTraceBehavior [ RunTime:0.008808s ]
INFO: [ app_end ] --END-- [ RunTime:0.008908s ]

[ 2016-08-11T16:09:24+08:00 ] 172.16.42.0 /index.php?m=admin&c=login
INFO: [ app_init ] --START--
INFO: Run Behavior\BuildLiteBehavior [ RunTime:0.000104s ]
INFO: [ app_init ] --END-- [ RunTime:0.015848s ]
INFO: [ app_begin ] --START--
INFO: Run Behavior\ReadHtmlCacheBehavior [ RunTime:0.011038s ]
INFO: [ app_begin ] --END-- [ RunTime:0.011221s ]

[ 2016-08-11T16:09:25+08:00 ] 172.16.42.0 /index.php?m=admin&c=login&a=check
INFO: [ app_init ] --START--
INFO: Run Behavior\BuildLiteBehavior [ RunTime:0.000067s ]
INFO: [ app_init ] --END-- [ RunTime:0.011055s ]
INFO: [ app_begin ] --START--
INFO: Run Behavior\ReadHtmlCacheBehavior [ RunTime:0.013543s ]
INFO: [ app_begin ] --END-- [ RunTime:0.013705s ]

[ 2016-08-11T16:09:25+08:00 ] 172.16.42.0 /index.php?m=admin&c=login&a=check
INFO: [ app_init ] --START--
INFO: Run Behavior\BuildLiteBehavior [ RunTime:0.000042s ]
INFO: [ app_init ] --END-- [ RunTime:0.009054s ]
INFO: [ app_begin ] --START--
INFO: Run Behavior\ReadHtmlCacheBehavior [ RunTime:0.014205s ]
INFO: [ app_begin ] --END-- [ RunTime:0.014352s ]

[ 2016-08-11T16:09:36+08:00 ] 172.16.42.0 /index.php?m=admin&c=login&a=check
INFO: [ app_init ] --START--
INFO: Run Behavior\BuildLiteBehavior [ RunTime:0.000037s ]
INFO: [ app_init ] --END-- [ RunTime:0.005360s ]
INFO: [ app_begin ] --START--
INFO: Run Behavior\ReadHtmlCacheBehavior [ RunTime:0.008292s ]
INFO: [ app_begin ] --END-- [ RunTime:0.008483s ]

[ 2016-08-11T16:10:55+08:00 ] 172.16.42.0 /index.php?m=admin&c=login
INFO: [ app_init ] --START--
INFO: Run Behavior\BuildLiteBehavior [ RunTime:0.000172s ]
INFO: [ app_init ] --END-- [ RunTime:3.928404s ]
INFO: [ app_begin ] --START--
INFO: Run Behavior\ReadHtmlCacheBehavior [ RunTime:0.011812s ]
INFO: [ app_begin ] --END-- [ RunTime:0.012143s ]

[ 2016-08-11T16:13:36+08:00 ] 172.16.42.0 /index.php?m=admin&c=login
INFO: [ app_init ] --START--
INFO: Run Behavior\BuildLiteBehavior [ RunTime:0.000138s ]
INFO: [ app_init ] --END-- [ RunTime:0.847129s ]
INFO: [ app_begin ] --START--
INFO: Run Behavior\ReadHtmlCacheBehavior [ RunTime:0.012070s ]
INFO: [ app_begin ] --END-- [ RunTime:0.012355s ]
NOTIC: [8] Undefined variable: module /data/webroot/ThinkPHP/Common/functions.php 第 990 行.
NOTIC: [8] Undefined variable: var /data/webroot/ThinkPHP/Common/functions.php 第 990 行.
NOTIC: [2] array_reverse() expects parameter 1 to be array, null given /data/webroot/ThinkPHP/Common/functions.php 第 990 行.
NOTIC: [2] http_build_query(): Parameter 1 expected to be Array or Object.  Incorrect value given /data/webroot/ThinkPHP/Common/functions.php 第 990 行.

[ 2016-08-11T16:13:57+08:00 ] 172.16.42.0 /index.php?m=&&m=admin&c=index
INFO: [ app_init ] --START--
INFO: Run Behavior\BuildLiteBehavior [ RunTime:0.000107s ]
INFO: [ app_init ] --END-- [ RunTime:1.746252s ]
INFO: [ app_begin ] --START--
INFO: Run Behavior\ReadHtmlCacheBehavior [ RunTime:0.026020s ]
INFO: [ app_begin ] --END-- [ RunTime:0.026443s ]
INFO: [ view_parse ] --START--
INFO: [ template_filter ] --START--
INFO: Run Behavior\ContentReplaceBehavior [ RunTime:0.000221s ]
INFO: [ template_filter ] --END-- [ RunTime:0.000532s ]
INFO: Run Behavior\ParseTemplateBehavior [ RunTime:6.308189s ]
INFO: [ view_parse ] --END-- [ RunTime:6.308471s ]
INFO: [ view_filter ] --START--
INFO: Run Behavior\WriteHtmlCacheBehavior [ RunTime:0.009944s ]
INFO: [ view_filter ] --END-- [ RunTime:0.010030s ]
INFO: [ app_end ] --START--
INFO: Run Behavior\ShowPageTraceBehavior [ RunTime:0.007416s ]
INFO: [ app_end ] --END-- [ RunTime:0.007596s ]

[ 2016-08-11T16:14:32+08:00 ] 172.16.42.0 /index.php?m=&&m=admin&c=login
INFO: [ app_init ] --START--
INFO: Run Behavior\BuildLiteBehavior [ RunTime:0.000059s ]
INFO: [ app_init ] --END-- [ RunTime:0.003731s ]
INFO: [ app_begin ] --START--
INFO: Run Behavior\ReadHtmlCacheBehavior [ RunTime:0.008409s ]
INFO: [ app_begin ] --END-- [ RunTime:0.008542s ]
NOTIC: [8] Undefined variable: module /data/webroot/ThinkPHP/Common/functions.php 第 990 行.
NOTIC: [8] Undefined variable: var /data/webroot/ThinkPHP/Common/functions.php 第 990 行.
NOTIC: [2] array_reverse() expects parameter 1 to be array, null given /data/webroot/ThinkPHP/Common/functions.php 第 990 行.
NOTIC: [2] http_build_query(): Parameter 1 expected to be Array or Object.  Incorrect value given /data/webroot/ThinkPHP/Common/functions.php 第 990 行.

[ 2016-08-11T16:14:35+08:00 ] 172.16.42.0 /index.php?m=&&m=admin&c=index
INFO: [ app_init ] --START--
INFO: Run Behavior\BuildLiteBehavior [ RunTime:0.000037s ]
INFO: [ app_init ] --END-- [ RunTime:0.007817s ]
INFO: [ app_begin ] --START--
INFO: Run Behavior\ReadHtmlCacheBehavior [ RunTime:0.009085s ]
INFO: [ app_begin ] --END-- [ RunTime:0.009199s ]
INFO: [ view_parse ] --START--
INFO: [ template_filter ] --START--
INFO: Run Behavior\ContentReplaceBehavior [ RunTime:0.000099s ]
INFO: [ template_filter ] --END-- [ RunTime:0.000240s ]
INFO: Run Behavior\ParseTemplateBehavior [ RunTime:0.583338s ]
INFO: [ view_parse ] --END-- [ RunTime:0.583533s ]
INFO: [ view_filter ] --START--
INFO: Run Behavior\WriteHtmlCacheBehavior [ RunTime:0.005334s ]
INFO: [ view_filter ] --END-- [ RunTime:0.005424s ]
INFO: [ app_end ] --START--
INFO: Run Behavior\ShowPageTraceBehavior [ RunTime:0.006517s ]
INFO: [ app_end ] --END-- [ RunTime:0.006674s ]

[ 2016-08-11T16:16:54+08:00 ] 172.16.42.0 /index.php?m=&&m=admin&c=index
INFO: [ app_init ] --START--
INFO: Run Behavior\BuildLiteBehavior [ RunTime:0.000069s ]
INFO: [ app_init ] --END-- [ RunTime:0.012248s ]
INFO: [ app_begin ] --START--
INFO: Run Behavior\ReadHtmlCacheBehavior [ RunTime:0.009384s ]
INFO: [ app_begin ] --END-- [ RunTime:0.009797s ]
INFO: [ view_parse ] --START--
INFO: [ template_filter ] --START--
INFO: Run Behavior\ContentReplaceBehavior [ RunTime:0.000143s ]
INFO: [ template_filter ] --END-- [ RunTime:0.000368s ]
INFO: Run Behavior\ParseTemplateBehavior [ RunTime:0.122122s ]
INFO: [ view_parse ] --END-- [ RunTime:0.122625s ]
INFO: [ view_filter ] --START--
INFO: Run Behavior\WriteHtmlCacheBehavior [ RunTime:0.010714s ]
INFO: [ view_filter ] --END-- [ RunTime:0.010823s ]
INFO: [ app_end ] --START--
INFO: Run Behavior\ShowPageTraceBehavior [ RunTime:0.009697s ]
INFO: [ app_end ] --END-- [ RunTime:0.009878s ]

[ 2016-08-11T16:17:35+08:00 ] 172.16.42.0 /index.php?m=&&m=admin&c=index
INFO: [ app_init ] --START--
INFO: Run Behavior\BuildLiteBehavior [ RunTime:0.000095s ]
INFO: [ app_init ] --END-- [ RunTime:1.033559s ]
INFO: [ app_begin ] --START--
INFO: Run Behavior\ReadHtmlCacheBehavior [ RunTime:0.009863s ]
INFO: [ app_begin ] --END-- [ RunTime:0.010069s ]
INFO: [ view_parse ] --START--
INFO: [ template_filter ] --START--
INFO: Run Behavior\ContentReplaceBehavior [ RunTime:0.000122s ]
INFO: [ template_filter ] --END-- [ RunTime:0.000272s ]
INFO: Run Behavior\ParseTemplateBehavior [ RunTime:14.543331s ]
INFO: [ view_parse ] --END-- [ RunTime:14.543610s ]
INFO: [ view_filter ] --START--
INFO: Run Behavior\WriteHtmlCacheBehavior [ RunTime:0.791500s ]
INFO: [ view_filter ] --END-- [ RunTime:0.791647s ]
INFO: [ app_end ] --START--
INFO: Run Behavior\ShowPageTraceBehavior [ RunTime:0.009684s ]
INFO: [ app_end ] --END-- [ RunTime:0.009819s ]

[ 2016-08-11T16:18:02+08:00 ] 172.16.42.0 /index.php?m=&&m=admin&c=index
INFO: [ app_init ] --START--
INFO: Run Behavior\BuildLiteBehavior [ RunTime:0.000050s ]
INFO: [ app_init ] --END-- [ RunTime:0.007936s ]
INFO: [ app_begin ] --START--
INFO: Run Behavior\ReadHtmlCacheBehavior [ RunTime:0.010733s ]
INFO: [ app_begin ] --END-- [ RunTime:0.010890s ]
INFO: [ view_parse ] --START--
INFO: [ template_filter ] --START--
INFO: Run Behavior\ContentReplaceBehavior [ RunTime:0.000101s ]
INFO: [ template_filter ] --END-- [ RunTime:0.000220s ]
INFO: Run Behavior\ParseTemplateBehavior [ RunTime:0.173279s ]
INFO: [ view_parse ] --END-- [ RunTime:0.173491s ]
INFO: [ view_filter ] --START--
INFO: Run Behavior\WriteHtmlCacheBehavior [ RunTime:0.010927s ]
INFO: [ view_filter ] --END-- [ RunTime:0.011108s ]
INFO: [ app_end ] --START--
INFO: Run Behavior\ShowPageTraceBehavior [ RunTime:0.010499s ]
INFO: [ app_end ] --END-- [ RunTime:0.010696s ]

[ 2016-08-11T16:19:17+08:00 ] 172.16.42.0 /index.php?m=&&m=admin&c=index
INFO: [ app_init ] --START--
INFO: Run Behavior\BuildLiteBehavior [ RunTime:0.000082s ]
INFO: [ app_init ] --END-- [ RunTime:0.732770s ]
INFO: [ app_begin ] --START--
INFO: Run Behavior\ReadHtmlCacheBehavior [ RunTime:0.007717s ]
INFO: [ app_begin ] --END-- [ RunTime:0.007927s ]
INFO: [ view_parse ] --START--
INFO: [ template_filter ] --START--
INFO: Run Behavior\ContentReplaceBehavior [ RunTime:0.000120s ]
INFO: [ template_filter ] --END-- [ RunTime:0.000287s ]
INFO: Run Behavior\ParseTemplateBehavior [ RunTime:4.951058s ]
INFO: [ view_parse ] --END-- [ RunTime:4.951427s ]
INFO: [ view_filter ] --START--
INFO: Run Behavior\WriteHtmlCacheBehavior [ RunTime:0.016341s ]
INFO: [ view_filter ] --END-- [ RunTime:0.016498s ]
INFO: [ app_end ] --START--
INFO: Run Behavior\ShowPageTraceBehavior [ RunTime:0.015235s ]
INFO: [ app_end ] --END-- [ RunTime:0.015339s ]

[ 2016-08-11T16:20:06+08:00 ] 172.16.42.0 /index.php?m=&&m=admin&c=index
INFO: [ app_init ] --START--
INFO: Run Behavior\BuildLiteBehavior [ RunTime:0.000061s ]
INFO: [ app_init ] --END-- [ RunTime:1.514751s ]
INFO: [ app_begin ] --START--
INFO: Run Behavior\ReadHtmlCacheBehavior [ RunTime:2.899858s ]
INFO: [ app_begin ] --END-- [ RunTime:2.900067s ]
INFO: [ view_parse ] --START--
INFO: [ template_filter ] --START--
INFO: Run Behavior\ContentReplaceBehavior [ RunTime:0.000098s ]
INFO: [ template_filter ] --END-- [ RunTime:0.000258s ]
INFO: Run Behavior\ParseTemplateBehavior [ RunTime:17.656715s ]
INFO: [ view_parse ] --END-- [ RunTime:17.656881s ]
INFO: [ view_filter ] --START--
INFO: Run Behavior\WriteHtmlCacheBehavior [ RunTime:0.009786s ]
INFO: [ view_filter ] --END-- [ RunTime:0.009916s ]
INFO: [ app_end ] --START--
INFO: Run Behavior\ShowPageTraceBehavior [ RunTime:0.007802s ]
INFO: [ app_end ] --END-- [ RunTime:0.007888s ]

[ 2016-08-11T16:22:17+08:00 ] 172.16.42.0 /index.php?&m=admin&c=index
INFO: [ app_init ] --START--
INFO: Run Behavior\BuildLiteBehavior [ RunTime:0.000039s ]
INFO: [ app_init ] --END-- [ RunTime:0.009039s ]
INFO: [ app_begin ] --START--
INFO: Run Behavior\ReadHtmlCacheBehavior [ RunTime:0.015292s ]
INFO: [ app_begin ] --END-- [ RunTime:0.015764s ]
INFO: [ view_parse ] --START--
INFO: [ template_filter ] --START--
INFO: Run Behavior\ContentReplaceBehavior [ RunTime:0.000345s ]
INFO: [ template_filter ] --END-- [ RunTime:0.000658s ]
INFO: Run Behavior\ParseTemplateBehavior [ RunTime:8.607574s ]
INFO: [ view_parse ] --END-- [ RunTime:8.608693s ]
INFO: [ view_filter ] --START--
INFO: Run Behavior\WriteHtmlCacheBehavior [ RunTime:0.009594s ]
INFO: [ view_filter ] --END-- [ RunTime:0.009750s ]
INFO: [ app_end ] --START--
INFO: Run Behavior\ShowPageTraceBehavior [ RunTime:1.831708s ]
INFO: [ app_end ] --END-- [ RunTime:1.831848s ]

[ 2016-08-11T16:22:38+08:00 ] 172.16.42.0 /index.php?&m=admin&c=login
INFO: [ app_init ] --START--
INFO: Run Behavior\BuildLiteBehavior [ RunTime:0.000066s ]
INFO: [ app_init ] --END-- [ RunTime:1.435940s ]
INFO: [ app_begin ] --START--
INFO: Run Behavior\ReadHtmlCacheBehavior [ RunTime:0.009813s ]
INFO: [ app_begin ] --END-- [ RunTime:0.009993s ]
NOTIC: [8] Undefined variable: module /data/webroot/ThinkPHP/Common/functions.php 第 990 行.
NOTIC: [8] Undefined variable: var /data/webroot/ThinkPHP/Common/functions.php 第 990 行.
NOTIC: [2] array_reverse() expects parameter 1 to be array, null given /data/webroot/ThinkPHP/Common/functions.php 第 990 行.
NOTIC: [2] http_build_query(): Parameter 1 expected to be Array or Object.  Incorrect value given /data/webroot/ThinkPHP/Common/functions.php 第 990 行.

[ 2016-08-11T16:22:47+08:00 ] 172.16.42.0 /index.php?m=&&m=admin&c=index
INFO: [ app_init ] --START--
INFO: Run Behavior\BuildLiteBehavior [ RunTime:0.000049s ]
INFO: [ app_init ] --END-- [ RunTime:0.012905s ]
INFO: [ app_begin ] --START--
INFO: Run Behavior\ReadHtmlCacheBehavior [ RunTime:0.019582s ]
INFO: [ app_begin ] --END-- [ RunTime:0.019790s ]
INFO: [ view_parse ] --START--
INFO: [ template_filter ] --START--
INFO: Run Behavior\ContentReplaceBehavior [ RunTime:0.000092s ]
INFO: [ template_filter ] --END-- [ RunTime:0.000247s ]
INFO: Run Behavior\ParseTemplateBehavior [ RunTime:0.126537s ]
INFO: [ view_parse ] --END-- [ RunTime:0.126687s ]
INFO: [ view_filter ] --START--
INFO: Run Behavior\WriteHtmlCacheBehavior [ RunTime:0.015062s ]
INFO: [ view_filter ] --END-- [ RunTime:0.015304s ]
INFO: [ app_end ] --START--
INFO: Run Behavior\ShowPageTraceBehavior [ RunTime:0.013759s ]
INFO: [ app_end ] --END-- [ RunTime:0.013943s ]

[ 2016-08-11T16:42:32+08:00 ] 172.16.42.0 /index.php?m=&&m=admin&c=index
INFO: [ app_init ] --START--
INFO: Run Behavior\BuildLiteBehavior [ RunTime:0.000088s ]
INFO: [ app_init ] --END-- [ RunTime:0.013108s ]
INFO: [ app_begin ] --START--
INFO: Run Behavior\ReadHtmlCacheBehavior [ RunTime:0.011820s ]
INFO: [ app_begin ] --END-- [ RunTime:0.012119s ]
INFO: [ view_parse ] --START--
INFO: [ template_filter ] --START--
INFO: Run Behavior\ContentReplaceBehavior [ RunTime:0.000314s ]
INFO: [ template_filter ] --END-- [ RunTime:0.000605s ]
INFO: Run Behavior\ParseTemplateBehavior [ RunTime:2.953270s ]
INFO: [ view_parse ] --END-- [ RunTime:2.953526s ]
INFO: [ view_filter ] --START--
INFO: Run Behavior\WriteHtmlCacheBehavior [ RunTime:0.014622s ]
INFO: [ view_filter ] --END-- [ RunTime:0.014785s ]
INFO: [ app_end ] --START--
INFO: Run Behavior\ShowPageTraceBehavior [ RunTime:0.009917s ]
INFO: [ app_end ] --END-- [ RunTime:0.010111s ]

[ 2016-08-11T16:42:49+08:00 ] 172.16.42.0 /index.php?m=admin&c=login&a=loginout
INFO: [ app_init ] --START--
INFO: Run Behavior\BuildLiteBehavior [ RunTime:0.000050s ]
INFO: [ app_init ] --END-- [ RunTime:0.011170s ]
INFO: [ app_begin ] --START--
INFO: Run Behavior\ReadHtmlCacheBehavior [ RunTime:0.011039s ]
INFO: [ app_begin ] --END-- [ RunTime:0.011214s ]
NOTIC: [8] Undefined variable: module /data/webroot/ThinkPHP/Common/functions.php 第 990 行.
NOTIC: [8] Undefined variable: var /data/webroot/ThinkPHP/Common/functions.php 第 990 行.
NOTIC: [2] array_reverse() expects parameter 1 to be array, null given /data/webroot/ThinkPHP/Common/functions.php 第 990 行.
NOTIC: [2] http_build_query(): Parameter 1 expected to be Array or Object.  Incorrect value given /data/webroot/ThinkPHP/Common/functions.php 第 990 行.

[ 2016-08-11T16:43:03+08:00 ] 172.16.42.0 /index.php?m=&&m=admin&c=login
INFO: [ app_init ] --START--
INFO: Run Behavior\BuildLiteBehavior [ RunTime:0.000059s ]
INFO: [ app_init ] --END-- [ RunTime:0.009336s ]
INFO: [ app_begin ] --START--
INFO: Run Behavior\ReadHtmlCacheBehavior [ RunTime:0.010822s ]
INFO: [ app_begin ] --END-- [ RunTime:0.011072s ]
INFO: [ view_parse ] --START--
INFO: [ template_filter ] --START--
INFO: Run Behavior\ContentReplaceBehavior [ RunTime:0.000105s ]
INFO: [ template_filter ] --END-- [ RunTime:0.000341s ]
INFO: Run Behavior\ParseTemplateBehavior [ RunTime:4.381882s ]
INFO: [ view_parse ] --END-- [ RunTime:4.382154s ]
INFO: [ view_filter ] --START--
INFO: Run Behavior\WriteHtmlCacheBehavior [ RunTime:0.013866s ]
INFO: [ view_filter ] --END-- [ RunTime:0.014039s ]
INFO: [ app_end ] --START--
INFO: Run Behavior\ShowPageTraceBehavior [ RunTime:0.012314s ]
INFO: [ app_end ] --END-- [ RunTime:0.012519s ]

[ 2016-08-11T16:43:21+08:00 ] 172.16.42.0 /index.php?m=&&m=admin&c=login
INFO: [ app_init ] --START--
INFO: Run Behavior\BuildLiteBehavior [ RunTime:0.000055s ]
INFO: [ app_init ] --END-- [ RunTime:0.007324s ]
INFO: [ app_begin ] --START--
INFO: Run Behavior\ReadHtmlCacheBehavior [ RunTime:0.011448s ]
INFO: [ app_begin ] --END-- [ RunTime:0.011670s ]
INFO: [ view_parse ] --START--
INFO: [ template_filter ] --START--
INFO: Run Behavior\ContentReplaceBehavior [ RunTime:0.000055s ]
INFO: [ template_filter ] --END-- [ RunTime:0.000133s ]
INFO: Run Behavior\ParseTemplateBehavior [ RunTime:0.069006s ]
INFO: [ view_parse ] --END-- [ RunTime:0.069254s ]
INFO: [ view_filter ] --START--
INFO: Run Behavior\WriteHtmlCacheBehavior [ RunTime:0.007309s ]
INFO: [ view_filter ] --END-- [ RunTime:0.007416s ]
INFO: [ app_end ] --START--
INFO: Run Behavior\ShowPageTraceBehavior [ RunTime:0.009985s ]
INFO: [ app_end ] --END-- [ RunTime:0.010185s ]

